03-Feb-2026 09:55:50.998 INFO [main] org.apache.catalina.core.ApplicationContext.log SessionListener: contextDestroyed()
03-Feb-2026 09:55:50.998 INFO [main] org.apache.catalina.core.ApplicationContext.log ContextListener: contextDestroyed()
03-Feb-2026 09:55:54.520 INFO [main] org.apache.catalina.core.ApplicationContext.log ContextListener: contextInitialized()
03-Feb-2026 09:55:54.520 INFO [main] org.apache.catalina.core.ApplicationContext.log SessionListener: contextInitialized()
03-Feb-2026 09:55:54.521 INFO [main] org.apache.catalina.core.ApplicationContext.log ContextListener: attributeAdded('StockTicker', 'async.Stockticker@5ddd84d2')
03-Feb-2026 15:31:43.157 INFO [main] org.apache.catalina.core.ApplicationContext.log SessionListener: contextDestroyed()
03-Feb-2026 15:31:43.157 INFO [main] org.apache.catalina.core.ApplicationContext.log ContextListener: contextDestroyed()
03-Feb-2026 15:31:46.830 INFO [main] org.apache.catalina.core.ApplicationContext.log ContextListener: contextInitialized()
03-Feb-2026 15:31:46.830 INFO [main] org.apache.catalina.core.ApplicationContext.log SessionListener: contextInitialized()
03-Feb-2026 15:31:46.831 INFO [main] org.apache.catalina.core.ApplicationContext.log ContextListener: attributeAdded('StockTicker', 'async.Stockticker@7bdb4f17')
03-Feb-2026 15:59:41.488 INFO [main] org.apache.catalina.core.ApplicationContext.log SessionListener: contextDestroyed()
03-Feb-2026 15:59:41.488 INFO [main] org.apache.catalina.core.ApplicationContext.log ContextListener: contextDestroyed()
03-Feb-2026 15:59:44.663 INFO [main] org.apache.catalina.core.ApplicationContext.log ContextListener: contextInitialized()
03-Feb-2026 15:59:44.663 INFO [main] org.apache.catalina.core.ApplicationContext.log SessionListener: contextInitialized()
03-Feb-2026 15:59:44.663 INFO [main] org.apache.catalina.core.ApplicationContext.log ContextListener: attributeAdded('StockTicker', 'async.Stockticker@208e5b23')
03-Feb-2026 16:02:10.548 INFO [main] org.apache.catalina.core.ApplicationContext.log SessionListener: contextDestroyed()
03-Feb-2026 16:02:10.548 INFO [main] org.apache.catalina.core.ApplicationContext.log ContextListener: contextDestroyed()
03-Feb-2026 16:02:27.142 INFO [main] org.apache.catalina.core.ApplicationContext.log ContextListener: contextInitialized()
03-Feb-2026 16:02:27.142 INFO [main] org.apache.catalina.core.ApplicationContext.log SessionListener: contextInitialized()
03-Feb-2026 16:02:27.142 INFO [main] org.apache.catalina.core.ApplicationContext.log ContextListener: attributeAdded('StockTicker', 'async.Stockticker@208e5b23')
03-Feb-2026 16:55:33.628 INFO [main] org.apache.catalina.core.ApplicationContext.log SessionListener: contextDestroyed()
03-Feb-2026 16:55:33.628 INFO [main] org.apache.catalina.core.ApplicationContext.log ContextListener: contextDestroyed()
03-Feb-2026 16:55:37.176 INFO [main] org.apache.catalina.core.ApplicationContext.log ContextListener: contextInitialized()
03-Feb-2026 16:55:37.176 INFO [main] org.apache.catalina.core.ApplicationContext.log SessionListener: contextInitialized()
03-Feb-2026 16:55:37.176 INFO [main] org.apache.catalina.core.ApplicationContext.log ContextListener: attributeAdded('StockTicker', 'async.Stockticker@aee05f4')
03-Feb-2026 18:47:08.186 INFO [main] org.apache.catalina.core.ApplicationContext.log SessionListener: contextDestroyed()
03-Feb-2026 18:47:08.186 INFO [main] org.apache.catalina.core.ApplicationContext.log ContextListener: contextDestroyed()
03-Feb-2026 18:47:15.655 INFO [main] org.apache.catalina.core.ApplicationContext.log ContextListener: contextInitialized()
03-Feb-2026 18:47:15.655 INFO [main] org.apache.catalina.core.ApplicationContext.log SessionListener: contextInitialized()
03-Feb-2026 18:47:15.655 INFO [main] org.apache.catalina.core.ApplicationContext.log ContextListener: attributeAdded('StockTicker', 'async.Stockticker@33a71d23')
03-Feb-2026 22:43:13.932 INFO [main] org.apache.catalina.core.ApplicationContext.log SessionListener: contextDestroyed()
03-Feb-2026 22:43:13.932 INFO [main] org.apache.catalina.core.ApplicationContext.log ContextListener: contextDestroyed()
03-Feb-2026 22:43:19.179 INFO [main] org.apache.catalina.core.ApplicationContext.log ContextListener: contextInitialized()
03-Feb-2026 22:43:19.179 INFO [main] org.apache.catalina.core.ApplicationContext.log SessionListener: contextInitialized()
03-Feb-2026 22:43:19.180 INFO [main] org.apache.catalina.core.ApplicationContext.log ContextListener: attributeAdded('StockTicker', 'async.Stockticker@5ddd84d2')
