02-Feb-2026 00:42:57.137 INFO [main] org.apache.catalina.core.ApplicationContext.log SessionListener: contextDestroyed()
02-Feb-2026 00:42:57.137 INFO [main] org.apache.catalina.core.ApplicationContext.log ContextListener: contextDestroyed()
02-Feb-2026 00:43:06.431 INFO [main] org.apache.catalina.core.ApplicationContext.log ContextListener: contextInitialized()
02-Feb-2026 00:43:06.431 INFO [main] org.apache.catalina.core.ApplicationContext.log SessionListener: contextInitialized()
02-Feb-2026 00:43:06.431 INFO [main] org.apache.catalina.core.ApplicationContext.log ContextListener: attributeAdded('StockTicker', 'async.Stockticker@aee05f4')
02-Feb-2026 01:55:13.788 INFO [main] org.apache.catalina.core.ApplicationContext.log SessionListener: contextDestroyed()
02-Feb-2026 01:55:13.788 INFO [main] org.apache.catalina.core.ApplicationContext.log ContextListener: contextDestroyed()
02-Feb-2026 01:55:26.263 INFO [main] org.apache.catalina.core.ApplicationContext.log ContextListener: contextInitialized()
02-Feb-2026 01:55:26.263 INFO [main] org.apache.catalina.core.ApplicationContext.log SessionListener: contextInitialized()
02-Feb-2026 01:55:26.264 INFO [main] org.apache.catalina.core.ApplicationContext.log ContextListener: attributeAdded('StockTicker', 'async.Stockticker@6200b644')
02-Feb-2026 01:59:05.851 INFO [main] org.apache.catalina.core.ApplicationContext.log SessionListener: contextDestroyed()
02-Feb-2026 01:59:05.851 INFO [main] org.apache.catalina.core.ApplicationContext.log ContextListener: contextDestroyed()
02-Feb-2026 01:59:15.325 INFO [main] org.apache.catalina.core.ApplicationContext.log ContextListener: contextInitialized()
02-Feb-2026 01:59:15.325 INFO [main] org.apache.catalina.core.ApplicationContext.log SessionListener: contextInitialized()
02-Feb-2026 01:59:15.326 INFO [main] org.apache.catalina.core.ApplicationContext.log ContextListener: attributeAdded('StockTicker', 'async.Stockticker@7b332b23')
02-Feb-2026 02:05:03.761 INFO [main] org.apache.catalina.core.ApplicationContext.log SessionListener: contextDestroyed()
02-Feb-2026 02:05:03.761 INFO [main] org.apache.catalina.core.ApplicationContext.log ContextListener: contextDestroyed()
02-Feb-2026 02:05:14.127 INFO [main] org.apache.catalina.core.ApplicationContext.log ContextListener: contextInitialized()
02-Feb-2026 02:05:14.127 INFO [main] org.apache.catalina.core.ApplicationContext.log SessionListener: contextInitialized()
02-Feb-2026 02:05:14.127 INFO [main] org.apache.catalina.core.ApplicationContext.log ContextListener: attributeAdded('StockTicker', 'async.Stockticker@7bdb4f17')
02-Feb-2026 02:30:20.224 INFO [main] org.apache.catalina.core.ApplicationContext.log SessionListener: contextDestroyed()
02-Feb-2026 02:30:20.224 INFO [main] org.apache.catalina.core.ApplicationContext.log ContextListener: contextDestroyed()
02-Feb-2026 02:30:36.438 INFO [main] org.apache.catalina.core.ApplicationContext.log ContextListener: contextInitialized()
02-Feb-2026 02:30:36.438 INFO [main] org.apache.catalina.core.ApplicationContext.log SessionListener: contextInitialized()
02-Feb-2026 02:30:36.438 INFO [main] org.apache.catalina.core.ApplicationContext.log ContextListener: attributeAdded('StockTicker', 'async.Stockticker@2ee456c7')
02-Feb-2026 02:47:52.180 INFO [main] org.apache.catalina.core.ApplicationContext.log SessionListener: contextDestroyed()
02-Feb-2026 02:47:52.180 INFO [main] org.apache.catalina.core.ApplicationContext.log ContextListener: contextDestroyed()
02-Feb-2026 02:48:02.985 INFO [main] org.apache.catalina.core.ApplicationContext.log ContextListener: contextInitialized()
02-Feb-2026 02:48:02.985 INFO [main] org.apache.catalina.core.ApplicationContext.log SessionListener: contextInitialized()
02-Feb-2026 02:48:02.985 INFO [main] org.apache.catalina.core.ApplicationContext.log ContextListener: attributeAdded('StockTicker', 'async.Stockticker@6df37f7a')
02-Feb-2026 02:54:01.195 INFO [main] org.apache.catalina.core.ApplicationContext.log SessionListener: contextDestroyed()
02-Feb-2026 02:54:01.195 INFO [main] org.apache.catalina.core.ApplicationContext.log ContextListener: contextDestroyed()
02-Feb-2026 02:54:13.086 INFO [main] org.apache.catalina.core.ApplicationContext.log ContextListener: contextInitialized()
02-Feb-2026 02:54:13.086 INFO [main] org.apache.catalina.core.ApplicationContext.log SessionListener: contextInitialized()
02-Feb-2026 02:54:13.086 INFO [main] org.apache.catalina.core.ApplicationContext.log ContextListener: attributeAdded('StockTicker', 'async.Stockticker@7bdb4f17')
02-Feb-2026 03:05:25.420 INFO [main] org.apache.catalina.core.ApplicationContext.log SessionListener: contextDestroyed()
02-Feb-2026 03:05:25.420 INFO [main] org.apache.catalina.core.ApplicationContext.log ContextListener: contextDestroyed()
02-Feb-2026 03:06:14.277 INFO [main] org.apache.catalina.core.ApplicationContext.log ContextListener: contextInitialized()
02-Feb-2026 03:06:14.277 INFO [main] org.apache.catalina.core.ApplicationContext.log SessionListener: contextInitialized()
02-Feb-2026 03:06:14.277 INFO [main] org.apache.catalina.core.ApplicationContext.log ContextListener: attributeAdded('StockTicker', 'async.Stockticker@7bdb4f17')
02-Feb-2026 03:43:18.278 INFO [main] org.apache.catalina.core.ApplicationContext.log SessionListener: contextDestroyed()
02-Feb-2026 03:43:18.278 INFO [main] org.apache.catalina.core.ApplicationContext.log ContextListener: contextDestroyed()
02-Feb-2026 03:43:28.659 INFO [main] org.apache.catalina.core.ApplicationContext.log ContextListener: contextInitialized()
02-Feb-2026 03:43:28.659 INFO [main] org.apache.catalina.core.ApplicationContext.log SessionListener: contextInitialized()
02-Feb-2026 03:43:28.660 INFO [main] org.apache.catalina.core.ApplicationContext.log ContextListener: attributeAdded('StockTicker', 'async.Stockticker@6df37f7a')
02-Feb-2026 04:08:03.717 INFO [main] org.apache.catalina.core.ApplicationContext.log SessionListener: contextDestroyed()
02-Feb-2026 04:08:03.717 INFO [main] org.apache.catalina.core.ApplicationContext.log ContextListener: contextDestroyed()
02-Feb-2026 04:08:13.259 INFO [main] org.apache.catalina.core.ApplicationContext.log ContextListener: contextInitialized()
02-Feb-2026 04:08:13.259 INFO [main] org.apache.catalina.core.ApplicationContext.log SessionListener: contextInitialized()
02-Feb-2026 04:08:13.259 INFO [main] org.apache.catalina.core.ApplicationContext.log ContextListener: attributeAdded('StockTicker', 'async.Stockticker@6df37f7a')
02-Feb-2026 04:18:53.653 SEVERE [http-nio-8080-exec-1] org.apache.catalina.core.StandardWrapperValve.invoke Servlet.service() for servlet [NotificationServlet] in context with path [/EduTrack] threw exception
	java.lang.IllegalStateException: Cannot forward after response has been committed
		at org.apache.catalina.core.ApplicationDispatcher.doForward(ApplicationDispatcher.java:291)
		at org.apache.catalina.core.ApplicationDispatcher.forward(ApplicationDispatcher.java:283)
		at NotificationServlet.doGet(NotificationServlet.java:74)
		at javax.servlet.http.HttpServlet.service(HttpServlet.java:529)
		at javax.servlet.http.HttpServlet.service(HttpServlet.java:623)
		at org.apache.catalina.core.ApplicationFilterChain.internalDoFilter(ApplicationFilterChain.java:197)
		at org.apache.catalina.core.ApplicationFilterChain.doFilter(ApplicationFilterChain.java:142)
		at org.apache.tomcat.websocket.server.WsFilter.doFilter(WsFilter.java:51)
		at org.apache.catalina.core.ApplicationFilterChain.internalDoFilter(ApplicationFilterChain.java:166)
		at org.apache.catalina.core.ApplicationFilterChain.doFilter(ApplicationFilterChain.java:142)
		at org.apache.catalina.core.StandardWrapperValve.invoke(StandardWrapperValve.java:166)
		at org.apache.catalina.core.StandardContextValve.invoke(StandardContextValve.java:88)
		at org.apache.catalina.authenticator.AuthenticatorBase.invoke(AuthenticatorBase.java:481)
		at org.apache.catalina.core.StandardHostValve.invoke(StandardHostValve.java:127)
		at org.apache.catalina.valves.ErrorReportValve.invoke(ErrorReportValve.java:83)
		at org.apache.catalina.valves.AbstractAccessLogValve.invoke(AbstractAccessLogValve.java:643)
		at org.apache.catalina.core.StandardEngineValve.invoke(StandardEngineValve.java:72)
		at org.apache.catalina.connector.CoyoteAdapter.service(CoyoteAdapter.java:344)
		at org.apache.coyote.http11.Http11Processor.service(Http11Processor.java:398)
		at org.apache.coyote.AbstractProcessorLight.process(AbstractProcessorLight.java:63)
		at org.apache.coyote.AbstractProtocol$ConnectionHandler.process(AbstractProtocol.java:939)
		at org.apache.tomcat.util.net.NioEndpoint$SocketProcessor.doRun(NioEndpoint.java:1831)
		at org.apache.tomcat.util.net.SocketProcessorBase.run(SocketProcessorBase.java:52)
		at org.apache.tomcat.util.threads.ThreadPoolExecutor.runWorker(ThreadPoolExecutor.java:973)
		at org.apache.tomcat.util.threads.ThreadPoolExecutor$Worker.run(ThreadPoolExecutor.java:491)
		at org.apache.tomcat.util.threads.TaskThread$WrappingRunnable.run(TaskThread.java:63)
		at java.base/java.lang.Thread.run(Thread.java:1474)
02-Feb-2026 13:50:02.296 INFO [main] org.apache.catalina.core.ApplicationContext.log SessionListener: contextDestroyed()
02-Feb-2026 13:50:02.297 INFO [main] org.apache.catalina.core.ApplicationContext.log ContextListener: contextDestroyed()
02-Feb-2026 13:50:12.027 INFO [main] org.apache.catalina.core.ApplicationContext.log ContextListener: contextInitialized()
02-Feb-2026 13:50:12.027 INFO [main] org.apache.catalina.core.ApplicationContext.log SessionListener: contextInitialized()
02-Feb-2026 13:50:12.027 INFO [main] org.apache.catalina.core.ApplicationContext.log ContextListener: attributeAdded('StockTicker', 'async.Stockticker@208e5b23')
02-Feb-2026 13:53:30.664 INFO [main] org.apache.catalina.core.ApplicationContext.log SessionListener: contextDestroyed()
02-Feb-2026 13:53:30.664 INFO [main] org.apache.catalina.core.ApplicationContext.log ContextListener: contextDestroyed()
02-Feb-2026 13:53:41.713 INFO [main] org.apache.catalina.core.ApplicationContext.log ContextListener: contextInitialized()
02-Feb-2026 13:53:41.713 INFO [main] org.apache.catalina.core.ApplicationContext.log SessionListener: contextInitialized()
02-Feb-2026 13:53:41.713 INFO [main] org.apache.catalina.core.ApplicationContext.log ContextListener: attributeAdded('StockTicker', 'async.Stockticker@66a472b9')
02-Feb-2026 15:18:20.537 INFO [main] org.apache.catalina.core.ApplicationContext.log SessionListener: contextDestroyed()
02-Feb-2026 15:18:20.537 INFO [main] org.apache.catalina.core.ApplicationContext.log ContextListener: contextDestroyed()
02-Feb-2026 15:18:58.088 INFO [main] org.apache.catalina.core.ApplicationContext.log ContextListener: contextInitialized()
02-Feb-2026 15:18:58.088 INFO [main] org.apache.catalina.core.ApplicationContext.log SessionListener: contextInitialized()
02-Feb-2026 15:18:58.088 INFO [main] org.apache.catalina.core.ApplicationContext.log ContextListener: attributeAdded('StockTicker', 'async.Stockticker@5ddd84d2')
02-Feb-2026 15:26:24.672 INFO [main] org.apache.catalina.core.ApplicationContext.log SessionListener: contextDestroyed()
02-Feb-2026 15:26:24.672 INFO [main] org.apache.catalina.core.ApplicationContext.log ContextListener: contextDestroyed()
02-Feb-2026 15:26:48.732 INFO [main] org.apache.catalina.core.ApplicationContext.log ContextListener: contextInitialized()
02-Feb-2026 15:26:48.732 INFO [main] org.apache.catalina.core.ApplicationContext.log SessionListener: contextInitialized()
02-Feb-2026 15:26:48.732 INFO [main] org.apache.catalina.core.ApplicationContext.log ContextListener: attributeAdded('StockTicker', 'async.Stockticker@5ddd84d2')
02-Feb-2026 15:29:18.146 INFO [main] org.apache.catalina.core.ApplicationContext.log SessionListener: contextDestroyed()
02-Feb-2026 15:29:18.146 INFO [main] org.apache.catalina.core.ApplicationContext.log ContextListener: contextDestroyed()
02-Feb-2026 15:29:53.771 INFO [main] org.apache.catalina.core.ApplicationContext.log ContextListener: contextInitialized()
02-Feb-2026 15:29:53.771 INFO [main] org.apache.catalina.core.ApplicationContext.log SessionListener: contextInitialized()
02-Feb-2026 15:29:53.772 INFO [main] org.apache.catalina.core.ApplicationContext.log ContextListener: attributeAdded('StockTicker', 'async.Stockticker@28519bfb')
02-Feb-2026 15:53:36.615 INFO [main] org.apache.catalina.core.ApplicationContext.log SessionListener: contextDestroyed()
02-Feb-2026 15:53:36.615 INFO [main] org.apache.catalina.core.ApplicationContext.log ContextListener: contextDestroyed()
02-Feb-2026 15:53:55.964 INFO [main] org.apache.catalina.core.ApplicationContext.log ContextListener: contextInitialized()
02-Feb-2026 15:53:55.964 INFO [main] org.apache.catalina.core.ApplicationContext.log SessionListener: contextInitialized()
02-Feb-2026 15:53:55.965 INFO [main] org.apache.catalina.core.ApplicationContext.log ContextListener: attributeAdded('StockTicker', 'async.Stockticker@7b332b23')
02-Feb-2026 16:31:42.018 INFO [main] org.apache.catalina.core.ApplicationContext.log SessionListener: contextDestroyed()
02-Feb-2026 16:31:42.018 INFO [main] org.apache.catalina.core.ApplicationContext.log ContextListener: contextDestroyed()
02-Feb-2026 16:32:00.575 INFO [main] org.apache.catalina.core.ApplicationContext.log ContextListener: contextInitialized()
02-Feb-2026 16:32:00.575 INFO [main] org.apache.catalina.core.ApplicationContext.log SessionListener: contextInitialized()
02-Feb-2026 16:32:00.575 INFO [main] org.apache.catalina.core.ApplicationContext.log ContextListener: attributeAdded('StockTicker', 'async.Stockticker@5ddd84d2')
02-Feb-2026 17:10:25.917 INFO [main] org.apache.catalina.core.ApplicationContext.log SessionListener: contextDestroyed()
02-Feb-2026 17:10:25.917 INFO [main] org.apache.catalina.core.ApplicationContext.log ContextListener: contextDestroyed()
02-Feb-2026 17:10:52.818 INFO [main] org.apache.catalina.core.ApplicationContext.log ContextListener: contextInitialized()
02-Feb-2026 17:10:52.818 INFO [main] org.apache.catalina.core.ApplicationContext.log SessionListener: contextInitialized()
02-Feb-2026 17:10:52.818 INFO [main] org.apache.catalina.core.ApplicationContext.log ContextListener: attributeAdded('StockTicker', 'async.Stockticker@5ddd84d2')
02-Feb-2026 17:22:05.860 INFO [main] org.apache.catalina.core.ApplicationContext.log SessionListener: contextDestroyed()
02-Feb-2026 17:22:05.860 INFO [main] org.apache.catalina.core.ApplicationContext.log ContextListener: contextDestroyed()
02-Feb-2026 17:22:25.202 INFO [main] org.apache.catalina.core.ApplicationContext.log ContextListener: contextInitialized()
02-Feb-2026 17:22:25.202 INFO [main] org.apache.catalina.core.ApplicationContext.log SessionListener: contextInitialized()
02-Feb-2026 17:22:25.203 INFO [main] org.apache.catalina.core.ApplicationContext.log ContextListener: attributeAdded('StockTicker', 'async.Stockticker@7b332b23')
02-Feb-2026 17:26:42.883 INFO [main] org.apache.catalina.core.ApplicationContext.log ContextListener: contextInitialized()
02-Feb-2026 17:26:42.883 INFO [main] org.apache.catalina.core.ApplicationContext.log SessionListener: contextInitialized()
02-Feb-2026 17:26:42.883 INFO [main] org.apache.catalina.core.ApplicationContext.log ContextListener: attributeAdded('StockTicker', 'async.Stockticker@45424c0')
02-Feb-2026 17:26:42.986 INFO [main] org.apache.catalina.core.ApplicationContext.log SessionListener: contextDestroyed()
02-Feb-2026 17:26:42.986 INFO [main] org.apache.catalina.core.ApplicationContext.log ContextListener: contextDestroyed()
02-Feb-2026 17:26:54.694 INFO [main] org.apache.catalina.core.ApplicationContext.log SessionListener: contextDestroyed()
02-Feb-2026 17:26:54.694 INFO [main] org.apache.catalina.core.ApplicationContext.log ContextListener: contextDestroyed()
02-Feb-2026 17:27:00.211 INFO [main] org.apache.catalina.core.ApplicationContext.log ContextListener: contextInitialized()
02-Feb-2026 17:27:00.211 INFO [main] org.apache.catalina.core.ApplicationContext.log SessionListener: contextInitialized()
02-Feb-2026 17:27:00.211 INFO [main] org.apache.catalina.core.ApplicationContext.log ContextListener: attributeAdded('StockTicker', 'async.Stockticker@aee05f4')
02-Feb-2026 20:15:03.126 INFO [main] org.apache.catalina.core.ApplicationContext.log SessionListener: contextDestroyed()
02-Feb-2026 20:15:03.126 INFO [main] org.apache.catalina.core.ApplicationContext.log ContextListener: contextDestroyed()
02-Feb-2026 20:15:13.359 INFO [main] org.apache.catalina.core.ApplicationContext.log ContextListener: contextInitialized()
02-Feb-2026 20:15:13.359 INFO [main] org.apache.catalina.core.ApplicationContext.log SessionListener: contextInitialized()
02-Feb-2026 20:15:13.359 INFO [main] org.apache.catalina.core.ApplicationContext.log ContextListener: attributeAdded('StockTicker', 'async.Stockticker@5ddd84d2')
02-Feb-2026 20:53:51.173 INFO [main] org.apache.catalina.core.ApplicationContext.log SessionListener: contextDestroyed()
02-Feb-2026 20:53:51.173 INFO [main] org.apache.catalina.core.ApplicationContext.log ContextListener: contextDestroyed()
02-Feb-2026 20:54:01.625 INFO [main] org.apache.catalina.core.ApplicationContext.log ContextListener: contextInitialized()
02-Feb-2026 20:54:01.625 INFO [main] org.apache.catalina.core.ApplicationContext.log SessionListener: contextInitialized()
02-Feb-2026 20:54:01.625 INFO [main] org.apache.catalina.core.ApplicationContext.log ContextListener: attributeAdded('StockTicker', 'async.Stockticker@5ddd84d2')
02-Feb-2026 20:57:59.108 INFO [main] org.apache.catalina.core.ApplicationContext.log SessionListener: contextDestroyed()
02-Feb-2026 20:57:59.108 INFO [main] org.apache.catalina.core.ApplicationContext.log ContextListener: contextDestroyed()
02-Feb-2026 20:58:06.408 INFO [main] org.apache.catalina.core.ApplicationContext.log ContextListener: contextInitialized()
02-Feb-2026 20:58:06.408 INFO [main] org.apache.catalina.core.ApplicationContext.log SessionListener: contextInitialized()
02-Feb-2026 20:58:06.408 INFO [main] org.apache.catalina.core.ApplicationContext.log ContextListener: attributeAdded('StockTicker', 'async.Stockticker@5ddd84d2')
02-Feb-2026 21:00:49.651 INFO [main] org.apache.catalina.core.ApplicationContext.log SessionListener: contextDestroyed()
02-Feb-2026 21:00:49.651 INFO [main] org.apache.catalina.core.ApplicationContext.log ContextListener: contextDestroyed()
02-Feb-2026 21:00:53.230 INFO [main] org.apache.catalina.core.ApplicationContext.log ContextListener: contextInitialized()
02-Feb-2026 21:00:53.230 INFO [main] org.apache.catalina.core.ApplicationContext.log SessionListener: contextInitialized()
02-Feb-2026 21:00:53.230 INFO [main] org.apache.catalina.core.ApplicationContext.log ContextListener: attributeAdded('StockTicker', 'async.Stockticker@5ddd84d2')
02-Feb-2026 22:50:53.698 INFO [main] org.apache.catalina.core.ApplicationContext.log SessionListener: contextDestroyed()
02-Feb-2026 22:50:53.698 INFO [main] org.apache.catalina.core.ApplicationContext.log ContextListener: contextDestroyed()
02-Feb-2026 22:50:58.334 INFO [main] org.apache.catalina.core.ApplicationContext.log ContextListener: contextInitialized()
02-Feb-2026 22:50:58.334 INFO [main] org.apache.catalina.core.ApplicationContext.log SessionListener: contextInitialized()
02-Feb-2026 22:50:58.335 INFO [main] org.apache.catalina.core.ApplicationContext.log ContextListener: attributeAdded('StockTicker', 'async.Stockticker@2ee456c7')
02-Feb-2026 22:54:10.501 INFO [main] org.apache.catalina.core.ApplicationContext.log SessionListener: contextDestroyed()
02-Feb-2026 22:54:10.501 INFO [main] org.apache.catalina.core.ApplicationContext.log ContextListener: contextDestroyed()
02-Feb-2026 22:54:14.790 INFO [main] org.apache.catalina.core.ApplicationContext.log ContextListener: contextInitialized()
02-Feb-2026 22:54:14.790 INFO [main] org.apache.catalina.core.ApplicationContext.log SessionListener: contextInitialized()
02-Feb-2026 22:54:14.791 INFO [main] org.apache.catalina.core.ApplicationContext.log ContextListener: attributeAdded('StockTicker', 'async.Stockticker@7b332b23')
02-Feb-2026 23:32:59.970 INFO [main] org.apache.catalina.core.ApplicationContext.log SessionListener: contextDestroyed()
02-Feb-2026 23:32:59.970 INFO [main] org.apache.catalina.core.ApplicationContext.log ContextListener: contextDestroyed()
02-Feb-2026 23:33:06.605 INFO [main] org.apache.catalina.core.ApplicationContext.log ContextListener: contextInitialized()
02-Feb-2026 23:33:06.605 INFO [main] org.apache.catalina.core.ApplicationContext.log SessionListener: contextInitialized()
02-Feb-2026 23:33:06.605 INFO [main] org.apache.catalina.core.ApplicationContext.log ContextListener: attributeAdded('StockTicker', 'async.Stockticker@5ddd84d2')
