01-Feb-2026 00:18:42.737 INFO [main] org.apache.catalina.core.ApplicationContext.log SessionListener: contextDestroyed()
01-Feb-2026 00:18:42.737 INFO [main] org.apache.catalina.core.ApplicationContext.log ContextListener: contextDestroyed()
01-Feb-2026 00:19:08.143 INFO [main] org.apache.catalina.core.ApplicationContext.log ContextListener: contextInitialized()
01-Feb-2026 00:19:08.143 INFO [main] org.apache.catalina.core.ApplicationContext.log SessionListener: contextInitialized()
01-Feb-2026 00:19:08.144 INFO [main] org.apache.catalina.core.ApplicationContext.log ContextListener: attributeAdded('StockTicker', 'async.Stockticker@428eb3d5')
01-Feb-2026 00:42:55.887 INFO [main] org.apache.catalina.core.ApplicationContext.log SessionListener: contextDestroyed()
01-Feb-2026 00:42:55.887 INFO [main] org.apache.catalina.core.ApplicationContext.log ContextListener: contextDestroyed()
01-Feb-2026 00:43:05.914 INFO [main] org.apache.catalina.core.ApplicationContext.log ContextListener: contextInitialized()
01-Feb-2026 00:43:05.914 INFO [main] org.apache.catalina.core.ApplicationContext.log SessionListener: contextInitialized()
01-Feb-2026 00:43:05.915 INFO [main] org.apache.catalina.core.ApplicationContext.log ContextListener: attributeAdded('StockTicker', 'async.Stockticker@7b332b23')
01-Feb-2026 00:53:25.911 INFO [main] org.apache.catalina.core.ApplicationContext.log SessionListener: contextDestroyed()
01-Feb-2026 00:53:25.911 INFO [main] org.apache.catalina.core.ApplicationContext.log ContextListener: contextDestroyed()
01-Feb-2026 00:53:35.295 INFO [main] org.apache.catalina.core.ApplicationContext.log ContextListener: contextInitialized()
01-Feb-2026 00:53:35.295 INFO [main] org.apache.catalina.core.ApplicationContext.log SessionListener: contextInitialized()
01-Feb-2026 00:53:35.295 INFO [main] org.apache.catalina.core.ApplicationContext.log ContextListener: attributeAdded('StockTicker', 'async.Stockticker@39514976')
01-Feb-2026 13:03:42.070 INFO [main] org.apache.catalina.core.ApplicationContext.log SessionListener: contextDestroyed()
01-Feb-2026 13:03:42.070 INFO [main] org.apache.catalina.core.ApplicationContext.log ContextListener: contextDestroyed()
01-Feb-2026 13:03:57.691 INFO [main] org.apache.catalina.core.ApplicationContext.log ContextListener: contextInitialized()
01-Feb-2026 13:03:57.691 INFO [main] org.apache.catalina.core.ApplicationContext.log SessionListener: contextInitialized()
01-Feb-2026 13:03:57.692 INFO [main] org.apache.catalina.core.ApplicationContext.log ContextListener: attributeAdded('StockTicker', 'async.Stockticker@428eb3d5')
01-Feb-2026 13:04:04.331 SEVERE [http-nio-8080-exec-2] org.apache.catalina.core.StandardWrapperValve.invoke Servlet.service() for servlet [jsp] in context with path [/EduTrack] threw exception [An exception occurred processing [/scan_attendance.jsp] at line [125]

122:                 // Set hidden fields for the Servlet
123:                 document.getElementById('formLat').value = userLat;
124:                 document.getElementById('formLon').value = userLon;
125:                 showStatus(`<b>Location Verified</b><br>You are ${Math.round(distance)}m from class.`, "success", true);
126:             } else {
127:                 showStatus(`<b>Verification Failed</b><br>You are ${Math.round(distance)}m away. You must be within ${ALLOWED_RADIUS}m.`, "error");
128:             }


Stacktrace:] with root cause
	javax.el.MethodNotFoundException: Unable to find unambiguous method: class java.lang.Math.round(null)
		at javax.el.Util.findWrapper(Util.java:290)
		at javax.el.Util.findMethod(Util.java:141)
		at javax.el.StaticFieldELResolver.invoke(StaticFieldELResolver.java:109)
		at org.apache.jasper.el.JasperELResolver.invoke(JasperELResolver.java:147)
		at org.apache.el.parser.AstValue.getValue(AstValue.java:151)
		at org.apache.el.ValueExpressionImpl.getValue(ValueExpressionImpl.java:149)
		at org.apache.jasper.runtime.PageContextImpl.proprietaryEvaluate(PageContextImpl.java:655)
		at org.apache.jsp.scan_005fattendance_jsp._jspService(scan_005fattendance_jsp.java:248)
		at org.apache.jasper.runtime.HttpJspBase.service(HttpJspBase.java:62)
		at javax.servlet.http.HttpServlet.service(HttpServlet.java:623)
		at org.apache.jasper.servlet.JspServletWrapper.service(JspServletWrapper.java:438)
		at org.apache.jasper.servlet.JspServlet.serviceJspFile(JspServlet.java:349)
		at org.apache.jasper.servlet.JspServlet.service(JspServlet.java:300)
		at javax.servlet.http.HttpServlet.service(HttpServlet.java:623)
		at org.apache.catalina.core.ApplicationFilterChain.internalDoFilter(ApplicationFilterChain.java:197)
		at org.apache.catalina.core.ApplicationFilterChain.doFilter(ApplicationFilterChain.java:142)
		at org.apache.tomcat.websocket.server.WsFilter.doFilter(WsFilter.java:51)
		at org.apache.catalina.core.ApplicationFilterChain.internalDoFilter(ApplicationFilterChain.java:166)
		at org.apache.catalina.core.ApplicationFilterChain.doFilter(ApplicationFilterChain.java:142)
		at org.apache.catalina.core.StandardWrapperValve.invoke(StandardWrapperValve.java:166)
		at org.apache.catalina.core.StandardContextValve.invoke(StandardContextValve.java:88)
		at org.apache.catalina.authenticator.AuthenticatorBase.invoke(AuthenticatorBase.java:481)
		at org.apache.catalina.core.StandardHostValve.invoke(StandardHostValve.java:127)
		at org.apache.catalina.valves.ErrorReportValve.invoke(ErrorReportValve.java:83)
		at org.apache.catalina.valves.AbstractAccessLogValve.invoke(AbstractAccessLogValve.java:643)
		at org.apache.catalina.core.StandardEngineValve.invoke(StandardEngineValve.java:72)
		at org.apache.catalina.connector.CoyoteAdapter.service(CoyoteAdapter.java:344)
		at org.apache.coyote.http11.Http11Processor.service(Http11Processor.java:398)
		at org.apache.coyote.AbstractProcessorLight.process(AbstractProcessorLight.java:63)
		at org.apache.coyote.AbstractProtocol$ConnectionHandler.process(AbstractProtocol.java:939)
		at org.apache.tomcat.util.net.NioEndpoint$SocketProcessor.doRun(NioEndpoint.java:1831)
		at org.apache.tomcat.util.net.SocketProcessorBase.run(SocketProcessorBase.java:52)
		at org.apache.tomcat.util.threads.ThreadPoolExecutor.runWorker(ThreadPoolExecutor.java:973)
		at org.apache.tomcat.util.threads.ThreadPoolExecutor$Worker.run(ThreadPoolExecutor.java:491)
		at org.apache.tomcat.util.threads.TaskThread$WrappingRunnable.run(TaskThread.java:63)
		at java.base/java.lang.Thread.run(Thread.java:1474)
01-Feb-2026 13:04:15.526 SEVERE [http-nio-8080-exec-4] org.apache.catalina.core.StandardWrapperValve.invoke Servlet.service() for servlet [jsp] in context with path [/EduTrack] threw exception [An exception occurred processing [/scan_attendance.jsp] at line [125]

122:                 // Set hidden fields for the Servlet
123:                 document.getElementById('formLat').value = userLat;
124:                 document.getElementById('formLon').value = userLon;
125:                 showStatus(`<b>Location Verified</b><br>You are ${Math.round(distance)}m from class.`, "success", true);
126:             } else {
127:                 showStatus(`<b>Verification Failed</b><br>You are ${Math.round(distance)}m away. You must be within ${ALLOWED_RADIUS}m.`, "error");
128:             }


Stacktrace:] with root cause
	javax.el.MethodNotFoundException: Unable to find unambiguous method: class java.lang.Math.round(null)
		at javax.el.Util.findWrapper(Util.java:290)
		at javax.el.Util.findMethod(Util.java:141)
		at javax.el.StaticFieldELResolver.invoke(StaticFieldELResolver.java:109)
		at org.apache.jasper.el.JasperELResolver.invoke(JasperELResolver.java:147)
		at org.apache.el.parser.AstValue.getValue(AstValue.java:151)
		at org.apache.el.ValueExpressionImpl.getValue(ValueExpressionImpl.java:149)
		at org.apache.jasper.runtime.PageContextImpl.proprietaryEvaluate(PageContextImpl.java:655)
		at org.apache.jsp.scan_005fattendance_jsp._jspService(scan_005fattendance_jsp.java:248)
		at org.apache.jasper.runtime.HttpJspBase.service(HttpJspBase.java:62)
		at javax.servlet.http.HttpServlet.service(HttpServlet.java:623)
		at org.apache.jasper.servlet.JspServletWrapper.service(JspServletWrapper.java:438)
		at org.apache.jasper.servlet.JspServlet.serviceJspFile(JspServlet.java:349)
		at org.apache.jasper.servlet.JspServlet.service(JspServlet.java:300)
		at javax.servlet.http.HttpServlet.service(HttpServlet.java:623)
		at org.apache.catalina.core.ApplicationFilterChain.internalDoFilter(ApplicationFilterChain.java:197)
		at org.apache.catalina.core.ApplicationFilterChain.doFilter(ApplicationFilterChain.java:142)
		at org.apache.tomcat.websocket.server.WsFilter.doFilter(WsFilter.java:51)
		at org.apache.catalina.core.ApplicationFilterChain.internalDoFilter(ApplicationFilterChain.java:166)
		at org.apache.catalina.core.ApplicationFilterChain.doFilter(ApplicationFilterChain.java:142)
		at org.apache.catalina.core.StandardWrapperValve.invoke(StandardWrapperValve.java:166)
		at org.apache.catalina.core.StandardContextValve.invoke(StandardContextValve.java:88)
		at org.apache.catalina.authenticator.AuthenticatorBase.invoke(AuthenticatorBase.java:481)
		at org.apache.catalina.core.StandardHostValve.invoke(StandardHostValve.java:127)
		at org.apache.catalina.valves.ErrorReportValve.invoke(ErrorReportValve.java:83)
		at org.apache.catalina.valves.AbstractAccessLogValve.invoke(AbstractAccessLogValve.java:643)
		at org.apache.catalina.core.StandardEngineValve.invoke(StandardEngineValve.java:72)
		at org.apache.catalina.connector.CoyoteAdapter.service(CoyoteAdapter.java:344)
		at org.apache.coyote.http11.Http11Processor.service(Http11Processor.java:398)
		at org.apache.coyote.AbstractProcessorLight.process(AbstractProcessorLight.java:63)
		at org.apache.coyote.AbstractProtocol$ConnectionHandler.process(AbstractProtocol.java:939)
		at org.apache.tomcat.util.net.NioEndpoint$SocketProcessor.doRun(NioEndpoint.java:1831)
		at org.apache.tomcat.util.net.SocketProcessorBase.run(SocketProcessorBase.java:52)
		at org.apache.tomcat.util.threads.ThreadPoolExecutor.runWorker(ThreadPoolExecutor.java:973)
		at org.apache.tomcat.util.threads.ThreadPoolExecutor$Worker.run(ThreadPoolExecutor.java:491)
		at org.apache.tomcat.util.threads.TaskThread$WrappingRunnable.run(TaskThread.java:63)
		at java.base/java.lang.Thread.run(Thread.java:1474)
01-Feb-2026 13:05:13.640 SEVERE [http-nio-8080-exec-5] org.apache.catalina.core.StandardWrapperValve.invoke Servlet.service() for servlet [jsp] in context with path [/EduTrack] threw exception [An exception occurred processing [/scan_attendance.jsp] at line [125]

122:                 // Set hidden fields for the Servlet
123:                 document.getElementById('formLat').value = userLat;
124:                 document.getElementById('formLon').value = userLon;
125:                 showStatus(`<b>Location Verified</b><br>You are ${Math.round(distance)}m from class.`, "success", true);
126:             } else {
127:                 showStatus(`<b>Verification Failed</b><br>You are ${Math.round(distance)}m away. You must be within ${ALLOWED_RADIUS}m.`, "error");
128:             }


Stacktrace:] with root cause
	javax.el.MethodNotFoundException: Unable to find unambiguous method: class java.lang.Math.round(null)
		at javax.el.Util.findWrapper(Util.java:290)
		at javax.el.Util.findMethod(Util.java:141)
		at javax.el.StaticFieldELResolver.invoke(StaticFieldELResolver.java:109)
		at org.apache.jasper.el.JasperELResolver.invoke(JasperELResolver.java:147)
		at org.apache.el.parser.AstValue.getValue(AstValue.java:151)
		at org.apache.el.ValueExpressionImpl.getValue(ValueExpressionImpl.java:149)
		at org.apache.jasper.runtime.PageContextImpl.proprietaryEvaluate(PageContextImpl.java:655)
		at org.apache.jsp.scan_005fattendance_jsp._jspService(scan_005fattendance_jsp.java:248)
		at org.apache.jasper.runtime.HttpJspBase.service(HttpJspBase.java:62)
		at javax.servlet.http.HttpServlet.service(HttpServlet.java:623)
		at org.apache.jasper.servlet.JspServletWrapper.service(JspServletWrapper.java:438)
		at org.apache.jasper.servlet.JspServlet.serviceJspFile(JspServlet.java:349)
		at org.apache.jasper.servlet.JspServlet.service(JspServlet.java:300)
		at javax.servlet.http.HttpServlet.service(HttpServlet.java:623)
		at org.apache.catalina.core.ApplicationFilterChain.internalDoFilter(ApplicationFilterChain.java:197)
		at org.apache.catalina.core.ApplicationFilterChain.doFilter(ApplicationFilterChain.java:142)
		at org.apache.tomcat.websocket.server.WsFilter.doFilter(WsFilter.java:51)
		at org.apache.catalina.core.ApplicationFilterChain.internalDoFilter(ApplicationFilterChain.java:166)
		at org.apache.catalina.core.ApplicationFilterChain.doFilter(ApplicationFilterChain.java:142)
		at org.apache.catalina.core.StandardWrapperValve.invoke(StandardWrapperValve.java:166)
		at org.apache.catalina.core.StandardContextValve.invoke(StandardContextValve.java:88)
		at org.apache.catalina.authenticator.AuthenticatorBase.invoke(AuthenticatorBase.java:481)
		at org.apache.catalina.core.StandardHostValve.invoke(StandardHostValve.java:127)
		at org.apache.catalina.valves.ErrorReportValve.invoke(ErrorReportValve.java:83)
		at org.apache.catalina.valves.AbstractAccessLogValve.invoke(AbstractAccessLogValve.java:643)
		at org.apache.catalina.core.StandardEngineValve.invoke(StandardEngineValve.java:72)
		at org.apache.catalina.connector.CoyoteAdapter.service(CoyoteAdapter.java:344)
		at org.apache.coyote.http11.Http11Processor.service(Http11Processor.java:398)
		at org.apache.coyote.AbstractProcessorLight.process(AbstractProcessorLight.java:63)
		at org.apache.coyote.AbstractProtocol$ConnectionHandler.process(AbstractProtocol.java:939)
		at org.apache.tomcat.util.net.NioEndpoint$SocketProcessor.doRun(NioEndpoint.java:1831)
		at org.apache.tomcat.util.net.SocketProcessorBase.run(SocketProcessorBase.java:52)
		at org.apache.tomcat.util.threads.ThreadPoolExecutor.runWorker(ThreadPoolExecutor.java:973)
		at org.apache.tomcat.util.threads.ThreadPoolExecutor$Worker.run(ThreadPoolExecutor.java:491)
		at org.apache.tomcat.util.threads.TaskThread$WrappingRunnable.run(TaskThread.java:63)
		at java.base/java.lang.Thread.run(Thread.java:1474)
01-Feb-2026 14:26:47.369 INFO [main] org.apache.catalina.core.ApplicationContext.log SessionListener: contextDestroyed()
01-Feb-2026 14:26:47.369 INFO [main] org.apache.catalina.core.ApplicationContext.log ContextListener: contextDestroyed()
01-Feb-2026 14:27:39.370 INFO [main] org.apache.catalina.core.ApplicationContext.log ContextListener: contextInitialized()
01-Feb-2026 14:27:39.370 INFO [main] org.apache.catalina.core.ApplicationContext.log SessionListener: contextInitialized()
01-Feb-2026 14:27:39.370 INFO [main] org.apache.catalina.core.ApplicationContext.log ContextListener: attributeAdded('StockTicker', 'async.Stockticker@1fbd5e0')
01-Feb-2026 14:47:01.989 INFO [main] org.apache.catalina.core.ApplicationContext.log SessionListener: contextDestroyed()
01-Feb-2026 14:47:01.989 INFO [main] org.apache.catalina.core.ApplicationContext.log ContextListener: contextDestroyed()
01-Feb-2026 14:47:13.900 INFO [main] org.apache.catalina.core.ApplicationContext.log ContextListener: contextInitialized()
01-Feb-2026 14:47:13.900 INFO [main] org.apache.catalina.core.ApplicationContext.log SessionListener: contextInitialized()
01-Feb-2026 14:47:13.900 INFO [main] org.apache.catalina.core.ApplicationContext.log ContextListener: attributeAdded('StockTicker', 'async.Stockticker@428eb3d5')
01-Feb-2026 17:40:29.587 INFO [main] org.apache.catalina.core.ApplicationContext.log SessionListener: contextDestroyed()
01-Feb-2026 17:40:29.587 INFO [main] org.apache.catalina.core.ApplicationContext.log ContextListener: contextDestroyed()
01-Feb-2026 17:41:02.802 INFO [main] org.apache.catalina.core.ApplicationContext.log ContextListener: contextInitialized()
01-Feb-2026 17:41:02.802 INFO [main] org.apache.catalina.core.ApplicationContext.log SessionListener: contextInitialized()
01-Feb-2026 17:41:02.802 INFO [main] org.apache.catalina.core.ApplicationContext.log ContextListener: attributeAdded('StockTicker', 'async.Stockticker@428eb3d5')
01-Feb-2026 17:44:27.278 INFO [main] org.apache.catalina.core.ApplicationContext.log SessionListener: contextDestroyed()
01-Feb-2026 17:44:27.278 INFO [main] org.apache.catalina.core.ApplicationContext.log ContextListener: contextDestroyed()
01-Feb-2026 17:44:38.857 INFO [main] org.apache.catalina.core.ApplicationContext.log ContextListener: contextInitialized()
01-Feb-2026 17:44:38.857 INFO [main] org.apache.catalina.core.ApplicationContext.log SessionListener: contextInitialized()
01-Feb-2026 17:44:38.857 INFO [main] org.apache.catalina.core.ApplicationContext.log ContextListener: attributeAdded('StockTicker', 'async.Stockticker@1a3b1f7e')
01-Feb-2026 21:30:37.883 INFO [main] org.apache.catalina.core.ApplicationContext.log SessionListener: contextDestroyed()
01-Feb-2026 21:30:37.883 INFO [main] org.apache.catalina.core.ApplicationContext.log ContextListener: contextDestroyed()
01-Feb-2026 21:30:47.190 INFO [main] org.apache.catalina.core.ApplicationContext.log ContextListener: contextInitialized()
01-Feb-2026 21:30:47.190 INFO [main] org.apache.catalina.core.ApplicationContext.log SessionListener: contextInitialized()
01-Feb-2026 21:30:47.190 INFO [main] org.apache.catalina.core.ApplicationContext.log ContextListener: attributeAdded('StockTicker', 'async.Stockticker@60844992')
01-Feb-2026 22:04:10.748 INFO [main] org.apache.catalina.core.ApplicationContext.log SessionListener: contextDestroyed()
01-Feb-2026 22:04:10.748 INFO [main] org.apache.catalina.core.ApplicationContext.log ContextListener: contextDestroyed()
01-Feb-2026 22:04:19.384 INFO [main] org.apache.catalina.core.ApplicationContext.log ContextListener: contextInitialized()
01-Feb-2026 22:04:19.384 INFO [main] org.apache.catalina.core.ApplicationContext.log SessionListener: contextInitialized()
01-Feb-2026 22:04:19.385 INFO [main] org.apache.catalina.core.ApplicationContext.log ContextListener: attributeAdded('StockTicker', 'async.Stockticker@4fbe486c')
01-Feb-2026 22:17:21.977 INFO [main] org.apache.catalina.core.ApplicationContext.log SessionListener: contextDestroyed()
01-Feb-2026 22:17:21.977 INFO [main] org.apache.catalina.core.ApplicationContext.log ContextListener: contextDestroyed()
01-Feb-2026 22:17:30.491 INFO [main] org.apache.catalina.core.ApplicationContext.log ContextListener: contextInitialized()
01-Feb-2026 22:17:30.491 INFO [main] org.apache.catalina.core.ApplicationContext.log SessionListener: contextInitialized()
01-Feb-2026 22:17:30.492 INFO [main] org.apache.catalina.core.ApplicationContext.log ContextListener: attributeAdded('StockTicker', 'async.Stockticker@4fbe486c')
01-Feb-2026 22:22:47.783 INFO [main] org.apache.catalina.core.ApplicationContext.log SessionListener: contextDestroyed()
01-Feb-2026 22:22:47.783 INFO [main] org.apache.catalina.core.ApplicationContext.log ContextListener: contextDestroyed()
01-Feb-2026 22:22:56.773 INFO [main] org.apache.catalina.core.ApplicationContext.log ContextListener: contextInitialized()
01-Feb-2026 22:22:56.773 INFO [main] org.apache.catalina.core.ApplicationContext.log SessionListener: contextInitialized()
01-Feb-2026 22:22:56.774 INFO [main] org.apache.catalina.core.ApplicationContext.log ContextListener: attributeAdded('StockTicker', 'async.Stockticker@1fbd5e0')
01-Feb-2026 23:29:33.214 INFO [main] org.apache.catalina.core.ApplicationContext.log SessionListener: contextDestroyed()
01-Feb-2026 23:29:33.215 INFO [main] org.apache.catalina.core.ApplicationContext.log ContextListener: contextDestroyed()
01-Feb-2026 23:29:45.070 INFO [main] org.apache.catalina.core.ApplicationContext.log ContextListener: contextInitialized()
01-Feb-2026 23:29:45.070 INFO [main] org.apache.catalina.core.ApplicationContext.log SessionListener: contextInitialized()
01-Feb-2026 23:29:45.070 INFO [main] org.apache.catalina.core.ApplicationContext.log ContextListener: attributeAdded('StockTicker', 'async.Stockticker@106459d9')
01-Feb-2026 23:34:32.736 INFO [main] org.apache.catalina.core.ApplicationContext.log SessionListener: contextDestroyed()
01-Feb-2026 23:34:32.736 INFO [main] org.apache.catalina.core.ApplicationContext.log ContextListener: contextDestroyed()
01-Feb-2026 23:34:41.511 INFO [main] org.apache.catalina.core.ApplicationContext.log ContextListener: contextInitialized()
01-Feb-2026 23:34:41.511 INFO [main] org.apache.catalina.core.ApplicationContext.log SessionListener: contextInitialized()
01-Feb-2026 23:34:41.511 INFO [main] org.apache.catalina.core.ApplicationContext.log ContextListener: attributeAdded('StockTicker', 'async.Stockticker@12166229')
